<?xml version="1.0" encoding="UTF-8"?>
<!-- Generated by org.testng.reporters.JUnitXMLReporter -->
<testsuite ignored="0" hostname="NAGARAJH" failures="0" tests="3" name="Default test" time="1.015" errors="0" timestamp="2025-07-11T15:40:28 IST">
  <testcase classname="Rahul.Dataprovider" name="Testcasesdata" time="0.026"/>
  <testcase classname="Rahul.Dataprovider" name="Testcasesdata" time="0.005"/>
  <testcase classname="Rahul.Dataprovider" name="Testcasesdata" time="0.002"/>
</testsuite> <!-- Default test -->
