<?xml version="1.0" encoding="UTF-8"?>
<testng-results ignored="0" total="3" passed="3" failed="0" skipped="0">
  <reporter-output>
  </reporter-output>
  <suite started-at="2025-07-11T15:40:27 IST" name="Default suite" finished-at="2025-07-11T15:40:28 IST" duration-ms="1015">
    <groups>
    </groups>
    <test started-at="2025-07-11T15:40:27 IST" name="Default test" finished-at="2025-07-11T15:40:28 IST" duration-ms="1015">
      <class name="Rahul.Dataprovider">
        <test-method signature="Testcasesdata(java.lang.String,java.lang.String,java.lang.String)[pri:0, instance:Rahul.Dataprovider@2e1d27ba]" started-at="2025-07-11T15:40:28 IST" name="Testcasesdata" data-provider="Test" finished-at="2025-07-11T15:40:28 IST" duration-ms="26" status="PASS">
          <params>
            <param index="0">
              <value>
                <![CDATA[hello]]>
              </value>
            </param>
            <param index="1">
              <value>
                <![CDATA[text]]>
              </value>
            </param>
            <param index="2">
              <value>
                <![CDATA[1]]>
              </value>
            </param>
          </params>
          <reporter-output>
          </reporter-output>
        </test-method> <!-- Testcasesdata -->
        <test-method signature="Testcasesdata(java.lang.String,java.lang.String,java.lang.String)[pri:0, instance:Rahul.Dataprovider@2e1d27ba]" started-at="2025-07-11T15:40:28 IST" name="Testcasesdata" data-provider="Test" finished-at="2025-07-11T15:40:28 IST" duration-ms="5" status="PASS">
          <params>
            <param index="0">
              <value>
                <![CDATA[bye]]>
              </value>
            </param>
            <param index="1">
              <value>
                <![CDATA[message]]>
              </value>
            </param>
            <param index="2">
              <value>
                <![CDATA[2]]>
              </value>
            </param>
          </params>
          <reporter-output>
          </reporter-output>
        </test-method> <!-- Testcasesdata -->
        <test-method signature="Testcasesdata(java.lang.String,java.lang.String,java.lang.String)[pri:0, instance:Rahul.Dataprovider@2e1d27ba]" started-at="2025-07-11T15:40:28 IST" name="Testcasesdata" data-provider="Test" finished-at="2025-07-11T15:40:28 IST" duration-ms="2" status="PASS">
          <params>
            <param index="0">
              <value>
                <![CDATA[hii]]>
              </value>
            </param>
            <param index="1">
              <value>
                <![CDATA[call]]>
              </value>
            </param>
            <param index="2">
              <value>
                <![CDATA[3]]>
              </value>
            </param>
          </params>
          <reporter-output>
          </reporter-output>
        </test-method> <!-- Testcasesdata -->
      </class> <!-- Rahul.Dataprovider -->
    </test> <!-- Default test -->
  </suite> <!-- Default suite -->
</testng-results>
